<?xml version="1.0" encoding="UTF-8"?>
<testsuite name="com.arenastrike.combat.WeaponDamageTest" tests="5" skipped="0" failures="0" errors="0" timestamp="2026-09-24T13:04:50" hostname="DESKTOP-4HS1SAA" time="0.023">
  <properties/>
  <testcase name="testSmgDamage()" classname="com.arenastrike.combat.WeaponDamageTest" time="0.018"/>
  <testcase name="testAssaultRifleDamage()" classname="com.arenastrike.combat.WeaponDamageTest" time="0.0"/>
  <testcase name="testShotgunDamage()" classname="com.arenastrike.combat.WeaponDamageTest" time="0.0"/>
  <testcase name="testBoltActionRifleInstantKill()" classname="com.arenastrike.combat.WeaponDamageTest" time="0.001"/>
  <testcase name="testPistolDamage()" classname="com.arenastrike.combat.WeaponDamageTest" time="0.001"/>
  <system-out><![CDATA[]]></system-out>
  <system-err><![CDATA[]]></system-err>
</testsuite>
