<?xml version="1.0" encoding="UTF-8"?>
<testsuite name="com.arenastrike.combat.CombatRaycastTest" tests="4" skipped="0" failures="0" errors="0" timestamp="2026-09-24T13:04:50" hostname="DESKTOP-4HS1SAA" time="0.008">
  <properties/>
  <testcase name="testMissWhenShootingOverHead()" classname="com.arenastrike.combat.CombatRaycastTest" time="0.005"/>
  <testcase name="testHeadshotHit()" classname="com.arenastrike.combat.CombatRaycastTest" time="0.001"/>
  <testcase name="testObstacleOcclusion()" classname="com.arenastrike.combat.CombatRaycastTest" time="0.0"/>
  <testcase name="testDirectTorsoHit()" classname="com.arenastrike.combat.CombatRaycastTest" time="0.0"/>
  <system-out><![CDATA[]]></system-out>
  <system-err><![CDATA[]]></system-err>
</testsuite>
